This file contains any messages produced by compilers while
running configure, to aid debugging if configure makes a mistake.

It was created by RISC-V ISA Simulator configure ?, which was
generated by GNU Autoconf 2.71.  Invocation command line was

  $ ./configure --prefix /workspaces/snax_cluster/target/snitch_cluster/work-vlt/riscv-isa-sim CC=cc CXX=g++ CFLAGS= CXXFLAGS= LDFLAGS=

## --------- ##
## Platform. ##
## --------- ##

hostname = codespaces-1be45d
uname -m = x86_64
uname -r = 6.5.0-1022-azure
uname -s = Linux
uname -v = #23~22.04.1-Ubuntu SMP Thu May  9 17:59:24 UTC 2024

/usr/bin/uname -p = x86_64
/bin/uname -X     = unknown

/bin/arch              = x86_64
/usr/bin/arch -k       = unknown
/usr/convex/getsysinfo = unknown
/usr/bin/hostinfo      = unknown
/bin/machine           = unknown
/usr/bin/oslevel       = unknown
/bin/universe          = unknown

PATH: /vscode/bin/linux-x64/fee1edb8d6d72a0ddff41e5f71a671c23ed924b9/bin/remote-cli/
PATH: /usr/local/sbin/
PATH: /usr/local/bin/
PATH: /usr/sbin/
PATH: /usr/bin/
PATH: /sbin/
PATH: /bin/


## ----------- ##
## Core tests. ##
## ----------- ##

configure:2665: looking for aux files: install-sh config.guess config.sub
configure:2678:  trying ./scripts/
configure:2692:   ./scripts/install.sh found
configure:2707:   ./scripts/config.guess found
configure:2707:   ./scripts/config.sub found
configure:2833: checking build system type
configure:2848: result: x86_64-pc-linux-gnu
configure:2868: checking host system type
configure:2882: result: x86_64-pc-linux-gnu
configure:3274: checking for gcc
configure:3306: result: cc
configure:3659: checking for C compiler version
configure:3668: cc --version >&5
cc (Ubuntu 13.2.0-23ubuntu4) 13.2.0
Copyright (C) 2023 Free Software Foundation, Inc.
This is free software; see the source for copying conditions.  There is NO
warranty; not even for MERCHANTABILITY or FITNESS FOR A PARTICULAR PURPOSE.

configure:3679: $? = 0
configure:3668: cc -v >&5
Using built-in specs.
COLLECT_GCC=cc
COLLECT_LTO_WRAPPER=/usr/libexec/gcc/x86_64-linux-gnu/13/lto-wrapper
OFFLOAD_TARGET_NAMES=nvptx-none:amdgcn-amdhsa
OFFLOAD_TARGET_DEFAULT=1
Target: x86_64-linux-gnu
Configured with: ../src/configure -v --with-pkgversion='Ubuntu 13.2.0-23ubuntu4' --with-bugurl=file:///usr/share/doc/gcc-13/README.Bugs --enable-languages=c,ada,c++,go,d,fortran,objc,obj-c++,m2 --prefix=/usr --with-gcc-major-version-only --program-suffix=-13 --program-prefix=x86_64-linux-gnu- --enable-shared --enable-linker-build-id --libexecdir=/usr/libexec --without-included-gettext --enable-threads=posix --libdir=/usr/lib --enable-nls --enable-clocale=gnu --enable-libstdcxx-debug --enable-libstdcxx-time=yes --with-default-libstdcxx-abi=new --enable-libstdcxx-backtrace --enable-gnu-unique-object --disable-vtable-verify --enable-plugin --enable-default-pie --with-system-zlib --enable-libphobos-checking=release --with-target-system-zlib=auto --enable-objc-gc=auto --enable-multiarch --disable-werror --enable-cet --with-arch-32=i686 --with-abi=m64 --with-multilib-list=m32,m64,mx32 --enable-multilib --with-tune=generic --enable-offload-targets=nvptx-none=/build/gcc-13-uJ7kn6/gcc-13-13.2.0/debian/tmp-nvptx/usr,amdgcn-amdhsa=/build/gcc-13-uJ7kn6/gcc-13-13.2.0/debian/tmp-gcn/usr --enable-offload-defaulted --without-cuda-driver --enable-checking=release --build=x86_64-linux-gnu --host=x86_64-linux-gnu --target=x86_64-linux-gnu
Thread model: posix
Supported LTO compression algorithms: zlib zstd
gcc version 13.2.0 (Ubuntu 13.2.0-23ubuntu4) 
... rest of stderr output deleted ...
configure:3679: $? = 0
configure:3668: cc -V >&5
cc: error: unrecognized command-line option '-V'
cc: fatal error: no input files
compilation terminated.
configure:3679: $? = 1
configure:3668: cc -qversion >&5
cc: error: unrecognized command-line option '-qversion'; did you mean '--version'?
cc: fatal error: no input files
compilation terminated.
configure:3679: $? = 1
configure:3668: cc -version >&5
cc: error: unrecognized command-line option '-version'
cc: fatal error: no input files
compilation terminated.
configure:3679: $? = 1
configure:3699: checking whether the C compiler works
configure:3721: cc    conftest.c  >&5
configure:3725: $? = 0
configure:3775: result: yes
configure:3778: checking for C compiler default output file name
configure:3780: result: a.out
configure:3786: checking for suffix of executables
configure:3793: cc -o conftest    conftest.c  >&5
configure:3797: $? = 0
configure:3820: result: 
configure:3842: checking whether we are cross compiling
configure:3850: cc -o conftest    conftest.c  >&5
configure:3854: $? = 0
configure:3861: ./conftest
configure:3865: $? = 0
configure:3880: result: no
configure:3885: checking for suffix of object files
configure:3908: cc -c   conftest.c >&5
configure:3912: $? = 0
configure:3934: result: o
configure:3938: checking whether the compiler supports GNU C
configure:3958: cc -c   conftest.c >&5
configure:3958: $? = 0
configure:3968: result: yes
configure:3979: checking whether cc accepts -g
configure:4000: cc -c -g  conftest.c >&5
configure:4000: $? = 0
configure:4044: result: yes
configure:4064: checking for cc option to enable C11 features
configure:4079: cc  -c   conftest.c >&5
configure:4079: $? = 0
configure:4097: result: none needed
configure:4335: checking for C++ compiler version
configure:4344: g++ --version >&5
g++ (Ubuntu 13.2.0-23ubuntu4) 13.2.0
Copyright (C) 2023 Free Software Foundation, Inc.
This is free software; see the source for copying conditions.  There is NO
warranty; not even for MERCHANTABILITY or FITNESS FOR A PARTICULAR PURPOSE.

configure:4355: $? = 0
configure:4344: g++ -v >&5
Using built-in specs.
COLLECT_GCC=g++
COLLECT_LTO_WRAPPER=/usr/libexec/gcc/x86_64-linux-gnu/13/lto-wrapper
OFFLOAD_TARGET_NAMES=nvptx-none:amdgcn-amdhsa
OFFLOAD_TARGET_DEFAULT=1
Target: x86_64-linux-gnu
Configured with: ../src/configure -v --with-pkgversion='Ubuntu 13.2.0-23ubuntu4' --with-bugurl=file:///usr/share/doc/gcc-13/README.Bugs --enable-languages=c,ada,c++,go,d,fortran,objc,obj-c++,m2 --prefix=/usr --with-gcc-major-version-only --program-suffix=-13 --program-prefix=x86_64-linux-gnu- --enable-shared --enable-linker-build-id --libexecdir=/usr/libexec --without-included-gettext --enable-threads=posix --libdir=/usr/lib --enable-nls --enable-clocale=gnu --enable-libstdcxx-debug --enable-libstdcxx-time=yes --with-default-libstdcxx-abi=new --enable-libstdcxx-backtrace --enable-gnu-unique-object --disable-vtable-verify --enable-plugin --enable-default-pie --with-system-zlib --enable-libphobos-checking=release --with-target-system-zlib=auto --enable-objc-gc=auto --enable-multiarch --disable-werror --enable-cet --with-arch-32=i686 --with-abi=m64 --with-multilib-list=m32,m64,mx32 --enable-multilib --with-tune=generic --enable-offload-targets=nvptx-none=/build/gcc-13-uJ7kn6/gcc-13-13.2.0/debian/tmp-nvptx/usr,amdgcn-amdhsa=/build/gcc-13-uJ7kn6/gcc-13-13.2.0/debian/tmp-gcn/usr --enable-offload-defaulted --without-cuda-driver --enable-checking=release --build=x86_64-linux-gnu --host=x86_64-linux-gnu --target=x86_64-linux-gnu
Thread model: posix
Supported LTO compression algorithms: zlib zstd
gcc version 13.2.0 (Ubuntu 13.2.0-23ubuntu4) 
... rest of stderr output deleted ...
configure:4355: $? = 0
configure:4344: g++ -V >&5
g++: error: unrecognized command-line option '-V'
g++: fatal error: no input files
compilation terminated.
configure:4355: $? = 1
configure:4344: g++ -qversion >&5
g++: error: unrecognized command-line option '-qversion'; did you mean '--version'?
g++: fatal error: no input files
compilation terminated.
configure:4355: $? = 1
configure:4359: checking whether the compiler supports GNU C++
configure:4379: g++ -c   conftest.cpp >&5
configure:4379: $? = 0
configure:4389: result: yes
configure:4400: checking whether g++ accepts -g
configure:4421: g++ -c -g  conftest.cpp >&5
configure:4421: $? = 0
configure:4465: result: yes
configure:4485: checking for g++ option to enable C++11 features
configure:4500: g++  -c   conftest.cpp >&5
conftest.cpp: In function 'int main(int, char**)':
conftest.cpp:175:25: warning: empty parentheses were disambiguated as a function declaration [-Wvexing-parse]
  175 |   cxx11test::delegate d2();
      |                         ^~
conftest.cpp:175:25: note: remove parentheses to default-initialize a variable
  175 |   cxx11test::delegate d2();
      |                         ^~
      |                         --
conftest.cpp:175:25: note: or replace parentheses with braces to value-initialize a variable
configure:4500: $? = 0
configure:4518: result: none needed
configure:4630: checking for ar
configure:4651: found /usr/bin/ar
configure:4662: result: ar
configure:4732: checking for ranlib
configure:4753: found /usr/bin/ranlib
configure:4764: result: ranlib
configure:4788: checking for dtc
configure:4811: found /usr/bin/dtc
configure:4824: result: /usr/bin/dtc
configure:4845: checking for stdio.h
configure:4845: g++ -c   conftest.cpp >&5
configure:4845: $? = 0
configure:4845: result: yes
configure:4845: checking for stdlib.h
configure:4845: g++ -c   conftest.cpp >&5
configure:4845: $? = 0
configure:4845: result: yes
configure:4845: checking for string.h
configure:4845: g++ -c   conftest.cpp >&5
configure:4845: $? = 0
configure:4845: result: yes
configure:4845: checking for inttypes.h
configure:4845: g++ -c   conftest.cpp >&5
configure:4845: $? = 0
configure:4845: result: yes
configure:4845: checking for stdint.h
configure:4845: g++ -c   conftest.cpp >&5
configure:4845: $? = 0
configure:4845: result: yes
configure:4845: checking for strings.h
configure:4845: g++ -c   conftest.cpp >&5
configure:4845: $? = 0
configure:4845: result: yes
configure:4845: checking for sys/stat.h
configure:4845: g++ -c   conftest.cpp >&5
configure:4845: $? = 0
configure:4845: result: yes
configure:4845: checking for sys/types.h
configure:4845: g++ -c   conftest.cpp >&5
configure:4845: $? = 0
configure:4845: result: yes
configure:4845: checking for unistd.h
configure:4845: g++ -c   conftest.cpp >&5
configure:4845: $? = 0
configure:4845: result: yes
configure:4870: checking whether byte ordering is bigendian
configure:4886: g++ -c   conftest.cpp >&5
conftest.cpp:21:16: error: expected unqualified-id before 'not' token
   21 |                not a universal capable compiler
      |                ^~~
configure:4886: $? = 1
configure: failed program was:
| /* confdefs.h */
| #define PACKAGE_NAME "RISC-V ISA Simulator"
| #define PACKAGE_TARNAME "spike"
| #define PACKAGE_VERSION "?"
| #define PACKAGE_STRING "RISC-V ISA Simulator ?"
| #define PACKAGE_BUGREPORT "Andrew Waterman"
| #define PACKAGE_URL ""
| #define DTC "dtc"
| #define HAVE_STDIO_H 1
| #define HAVE_STDLIB_H 1
| #define HAVE_STRING_H 1
| #define HAVE_INTTYPES_H 1
| #define HAVE_STDINT_H 1
| #define HAVE_STRINGS_H 1
| #define HAVE_SYS_STAT_H 1
| #define HAVE_SYS_TYPES_H 1
| #define HAVE_UNISTD_H 1
| #define STDC_HEADERS 1
| /* end confdefs.h.  */
| #ifndef __APPLE_CC__
| 	       not a universal capable compiler
| 	     #endif
| 	     typedef int dummy;
| 
configure:4932: g++ -c   conftest.cpp >&5
configure:4932: $? = 0
configure:4951: g++ -c   conftest.cpp >&5
conftest.cpp: In function 'int main()':
conftest.cpp:27:22: error: 'big' was not declared in this scope
   27 |                  not big endian
      |                      ^~~
configure:4951: $? = 1
configure: failed program was:
| /* confdefs.h */
| #define PACKAGE_NAME "RISC-V ISA Simulator"
| #define PACKAGE_TARNAME "spike"
| #define PACKAGE_VERSION "?"
| #define PACKAGE_STRING "RISC-V ISA Simulator ?"
| #define PACKAGE_BUGREPORT "Andrew Waterman"
| #define PACKAGE_URL ""
| #define DTC "dtc"
| #define HAVE_STDIO_H 1
| #define HAVE_STDLIB_H 1
| #define HAVE_STRING_H 1
| #define HAVE_INTTYPES_H 1
| #define HAVE_STDINT_H 1
| #define HAVE_STRINGS_H 1
| #define HAVE_SYS_STAT_H 1
| #define HAVE_SYS_TYPES_H 1
| #define HAVE_UNISTD_H 1
| #define STDC_HEADERS 1
| /* end confdefs.h.  */
| #include <sys/types.h>
| 		#include <sys/param.h>
| 
| int
| main (void)
| {
| #if BYTE_ORDER != BIG_ENDIAN
| 		 not big endian
| 		#endif
| 
|   ;
|   return 0;
| }
configure:5085: result: no
configure:5126: checking for a BSD-compatible install
configure:5199: result: /usr/bin/install -c
configure:5239: checking for grep that handles long lines and -e
configure:5303: result: /usr/bin/grep
configure:5311: checking for egrep
configure:5379: result: /usr/bin/grep -E
configure:5390: checking for __int128_t
configure:5390: g++ -c   conftest.cpp >&5
configure:5390: $? = 0
configure:5390: g++ -c   conftest.cpp >&5
conftest.cpp: In function 'int main()':
conftest.cpp:51:24: error: expected primary-expression before ')' token
   51 | if (sizeof ((__int128_t)))
      |                        ^
configure:5390: $? = 1
configure: failed program was:
| /* confdefs.h */
| #define PACKAGE_NAME "RISC-V ISA Simulator"
| #define PACKAGE_TARNAME "spike"
| #define PACKAGE_VERSION "?"
| #define PACKAGE_STRING "RISC-V ISA Simulator ?"
| #define PACKAGE_BUGREPORT "Andrew Waterman"
| #define PACKAGE_URL ""
| #define DTC "dtc"
| #define HAVE_STDIO_H 1
| #define HAVE_STDLIB_H 1
| #define HAVE_STRING_H 1
| #define HAVE_INTTYPES_H 1
| #define HAVE_STDINT_H 1
| #define HAVE_STRINGS_H 1
| #define HAVE_SYS_STAT_H 1
| #define HAVE_SYS_TYPES_H 1
| #define HAVE_UNISTD_H 1
| #define STDC_HEADERS 1
| /* end confdefs.h.  */
| #include <stddef.h>
| #ifdef HAVE_STDIO_H
| # include <stdio.h>
| #endif
| #ifdef HAVE_STDLIB_H
| # include <stdlib.h>
| #endif
| #ifdef HAVE_STRING_H
| # include <string.h>
| #endif
| #ifdef HAVE_INTTYPES_H
| # include <inttypes.h>
| #endif
| #ifdef HAVE_STDINT_H
| # include <stdint.h>
| #endif
| #ifdef HAVE_STRINGS_H
| # include <strings.h>
| #endif
| #ifdef HAVE_SYS_TYPES_H
| # include <sys/types.h>
| #endif
| #ifdef HAVE_SYS_STAT_H
| # include <sys/stat.h>
| #endif
| #ifdef HAVE_UNISTD_H
| # include <unistd.h>
| #endif
| int
| main (void)
| {
| if (sizeof ((__int128_t)))
| 	    return 0;
|   ;
|   return 0;
| }
configure:5390: result: yes
configure:5411: checking whether the linker accepts -Wl,--export-dynamic
configure:5431: g++ -o conftest     -Wl,--export-dynamic conftest.cpp  >&5
configure:5431: $? = 0
configure:5442: result: yes
configure:5460: : LDFLAGS="$LDFLAGS"
configure:5463: $? = 0
configure:5486: checking whether C++ compiler accepts -relocatable-pch
configure:5506: g++ -c   -relocatable-pch  conftest.cpp >&5
g++: error: unrecognized command-line option '-relocatable-pch'
configure:5506: $? = 1
configure: failed program was:
| /* confdefs.h */
| #define PACKAGE_NAME "RISC-V ISA Simulator"
| #define PACKAGE_TARNAME "spike"
| #define PACKAGE_VERSION "?"
| #define PACKAGE_STRING "RISC-V ISA Simulator ?"
| #define PACKAGE_BUGREPORT "Andrew Waterman"
| #define PACKAGE_URL ""
| #define DTC "dtc"
| #define HAVE_STDIO_H 1
| #define HAVE_STDLIB_H 1
| #define HAVE_STRING_H 1
| #define HAVE_INTTYPES_H 1
| #define HAVE_STDINT_H 1
| #define HAVE_STRINGS_H 1
| #define HAVE_SYS_STAT_H 1
| #define HAVE_SYS_TYPES_H 1
| #define HAVE_UNISTD_H 1
| #define STDC_HEADERS 1
| #define HAVE_INT128 1
| /* end confdefs.h.  */
| 
| int
| main (void)
| {
| 
|   ;
|   return 0;
| }
configure:5515: result: no
configure:5579: configuring default subproject : fesvr
configure:5588: checking for pthread_create in -lpthread
configure:5610: g++ -o conftest    -Wl,--export-dynamic conftest.cpp -lpthread   >&5
configure:5610: $? = 0
configure:5620: result: yes
configure:5633: checking for struct statx.stx_ino
configure:5633: g++ -c   conftest.cpp >&5
configure:5633: $? = 0
configure:5633: result: yes
configure:5642: checking for struct statx.stx_mnt_id
configure:5642: g++ -c   conftest.cpp >&5
configure:5642: $? = 0
configure:5642: result: yes
configure:5686: configuring default subproject : riscv
configure:5855: checking for boostlib >= 1.53 (105300)
configure:5887: g++ -c    conftest.cpp >&5
conftest.cpp:27:10: fatal error: boost/version.hpp: No such file or directory
   27 | #include <boost/version.hpp>
      |          ^~~~~~~~~~~~~~~~~~~
compilation terminated.
configure:5887: $? = 1
configure: failed program was:
| /* confdefs.h */
| #define PACKAGE_NAME "RISC-V ISA Simulator"
| #define PACKAGE_TARNAME "spike"
| #define PACKAGE_VERSION "?"
| #define PACKAGE_STRING "RISC-V ISA Simulator ?"
| #define PACKAGE_BUGREPORT "Andrew Waterman"
| #define PACKAGE_URL ""
| #define DTC "dtc"
| #define HAVE_STDIO_H 1
| #define HAVE_STDLIB_H 1
| #define HAVE_STRING_H 1
| #define HAVE_INTTYPES_H 1
| #define HAVE_STDINT_H 1
| #define HAVE_STRINGS_H 1
| #define HAVE_SYS_STAT_H 1
| #define HAVE_SYS_TYPES_H 1
| #define HAVE_UNISTD_H 1
| #define STDC_HEADERS 1
| #define HAVE_INT128 1
| #define FESVR_ENABLED /**/
| #define HAVE_LIBPTHREAD 1
| #define HAVE_STATX 1
| #define HAVE_STATX_MNT_ID 1
| #define RISCV_ENABLED /**/
| /* end confdefs.h.  */
| 
| #include <boost/version.hpp>
| 
| int
| main (void)
| {
| 
| (void) ((void)sizeof(char[1 - 2*!!((BOOST_VERSION) < (105300))]));
| 
|   ;
|   return 0;
| }
configure:6007: g++ -c   -I/include/boost-0 conftest.cpp >&5
conftest.cpp:27:10: fatal error: boost/version.hpp: No such file or directory
   27 | #include <boost/version.hpp>
      |          ^~~~~~~~~~~~~~~~~~~
compilation terminated.
configure:6007: $? = 1
configure: failed program was:
| /* confdefs.h */
| #define PACKAGE_NAME "RISC-V ISA Simulator"
| #define PACKAGE_TARNAME "spike"
| #define PACKAGE_VERSION "?"
| #define PACKAGE_STRING "RISC-V ISA Simulator ?"
| #define PACKAGE_BUGREPORT "Andrew Waterman"
| #define PACKAGE_URL ""
| #define DTC "dtc"
| #define HAVE_STDIO_H 1
| #define HAVE_STDLIB_H 1
| #define HAVE_STRING_H 1
| #define HAVE_INTTYPES_H 1
| #define HAVE_STDINT_H 1
| #define HAVE_STRINGS_H 1
| #define HAVE_SYS_STAT_H 1
| #define HAVE_SYS_TYPES_H 1
| #define HAVE_UNISTD_H 1
| #define STDC_HEADERS 1
| #define HAVE_INT128 1
| #define FESVR_ENABLED /**/
| #define HAVE_LIBPTHREAD 1
| #define HAVE_STATX 1
| #define HAVE_STATX_MNT_ID 1
| #define RISCV_ENABLED /**/
| /* end confdefs.h.  */
| 
| #include <boost/version.hpp>
| 
| int
| main (void)
| {
| 
| (void) ((void)sizeof(char[1 - 2*!!((BOOST_VERSION) < (105300))]));
| 
|   ;
|   return 0;
| }
configure:6027: We could not detect the boost libraries (version 1.53 or higher). If you have a staged boost library (still not installed) please specify $BOOST_ROOT in your environment and do not give a PATH to --with-boost option.  If you are sure you have boost installed, then check your version number looking in <boost/version.hpp>. See http://randspringer.de/boost for more documentation.
configure:6083: checking whether the Boost::ASIO library is available
configure:6115: g++ -c   -I/include/boost-0 conftest.cpp >&5
conftest.cpp:26:11: fatal error: boost/asio.hpp: No such file or directory
   26 |  #include <boost/asio.hpp>
      |           ^~~~~~~~~~~~~~~~
compilation terminated.
configure:6115: $? = 1
configure: failed program was:
| /* confdefs.h */
| #define PACKAGE_NAME "RISC-V ISA Simulator"
| #define PACKAGE_TARNAME "spike"
| #define PACKAGE_VERSION "?"
| #define PACKAGE_STRING "RISC-V ISA Simulator ?"
| #define PACKAGE_BUGREPORT "Andrew Waterman"
| #define PACKAGE_URL ""
| #define DTC "dtc"
| #define HAVE_STDIO_H 1
| #define HAVE_STDLIB_H 1
| #define HAVE_STRING_H 1
| #define HAVE_INTTYPES_H 1
| #define HAVE_STDINT_H 1
| #define HAVE_STRINGS_H 1
| #define HAVE_SYS_STAT_H 1
| #define HAVE_SYS_TYPES_H 1
| #define HAVE_UNISTD_H 1
| #define STDC_HEADERS 1
| #define HAVE_INT128 1
| #define FESVR_ENABLED /**/
| #define HAVE_LIBPTHREAD 1
| #define HAVE_STATX 1
| #define HAVE_STATX_MNT_ID 1
| #define RISCV_ENABLED /**/
| /* end confdefs.h.  */
|  #include <boost/asio.hpp>
| 
| int
| main (void)
| {
| 
| 
|                                     boost::asio::io_service io;
|                                     boost::system::error_code timer_result;
|                                     boost::asio::deadline_timer t(io);
|                                     t.cancel();
|                                     io.run_one();
| 									return 0;
| 
|   ;
|   return 0;
| }
configure:6130: result: no
configure:6276: checking whether the Boost::Regex library is available
configure:6300: g++ -c   -I/include/boost-0 conftest.cpp >&5
conftest.cpp:26:10: fatal error: boost/regex.hpp: No such file or directory
   26 | #include <boost/regex.hpp>
      |          ^~~~~~~~~~~~~~~~~
compilation terminated.
configure:6300: $? = 1
configure: failed program was:
| /* confdefs.h */
| #define PACKAGE_NAME "RISC-V ISA Simulator"
| #define PACKAGE_TARNAME "spike"
| #define PACKAGE_VERSION "?"
| #define PACKAGE_STRING "RISC-V ISA Simulator ?"
| #define PACKAGE_BUGREPORT "Andrew Waterman"
| #define PACKAGE_URL ""
| #define DTC "dtc"
| #define HAVE_STDIO_H 1
| #define HAVE_STDLIB_H 1
| #define HAVE_STRING_H 1
| #define HAVE_INTTYPES_H 1
| #define HAVE_STDINT_H 1
| #define HAVE_STRINGS_H 1
| #define HAVE_SYS_STAT_H 1
| #define HAVE_SYS_TYPES_H 1
| #define HAVE_UNISTD_H 1
| #define STDC_HEADERS 1
| #define HAVE_INT128 1
| #define FESVR_ENABLED /**/
| #define HAVE_LIBPTHREAD 1
| #define HAVE_STATX 1
| #define HAVE_STATX_MNT_ID 1
| #define RISCV_ENABLED /**/
| /* end confdefs.h.  */
| #include <boost/regex.hpp>
| 
| int
| main (void)
| {
| boost::regex r(); return 0;
|   ;
|   return 0;
| }
configure:6315: result: no
configure:6478: checking for main in -lboost_system
configure:6500: g++ -o conftest    -Wl,--export-dynamic conftest.cpp -lboost_system  -lpthread  >&5
/usr/bin/ld: cannot find -lboost_system: No such file or directory
collect2: error: ld returned 1 exit status
configure:6500: $? = 1
configure: failed program was:
| /* confdefs.h */
| #define PACKAGE_NAME "RISC-V ISA Simulator"
| #define PACKAGE_TARNAME "spike"
| #define PACKAGE_VERSION "?"
| #define PACKAGE_STRING "RISC-V ISA Simulator ?"
| #define PACKAGE_BUGREPORT "Andrew Waterman"
| #define PACKAGE_URL ""
| #define DTC "dtc"
| #define HAVE_STDIO_H 1
| #define HAVE_STDLIB_H 1
| #define HAVE_STRING_H 1
| #define HAVE_INTTYPES_H 1
| #define HAVE_STDINT_H 1
| #define HAVE_STRINGS_H 1
| #define HAVE_SYS_STAT_H 1
| #define HAVE_SYS_TYPES_H 1
| #define HAVE_UNISTD_H 1
| #define STDC_HEADERS 1
| #define HAVE_INT128 1
| #define FESVR_ENABLED /**/
| #define HAVE_LIBPTHREAD 1
| #define HAVE_STATX 1
| #define HAVE_STATX_MNT_ID 1
| #define RISCV_ENABLED /**/
| /* end confdefs.h.  */
| 
| namespace conftest {
|   extern "C" int main ();
| }
| int
| main (void)
| {
| return conftest::main ();
|   ;
|   return 0;
| }
configure:6510: result: no
configure:6521: checking for main in -lboost_regex
configure:6543: g++ -o conftest    -Wl,--export-dynamic conftest.cpp -lboost_regex  -lpthread  >&5
/usr/bin/ld: cannot find -lboost_regex: No such file or directory
collect2: error: ld returned 1 exit status
configure:6543: $? = 1
configure: failed program was:
| /* confdefs.h */
| #define PACKAGE_NAME "RISC-V ISA Simulator"
| #define PACKAGE_TARNAME "spike"
| #define PACKAGE_VERSION "?"
| #define PACKAGE_STRING "RISC-V ISA Simulator ?"
| #define PACKAGE_BUGREPORT "Andrew Waterman"
| #define PACKAGE_URL ""
| #define DTC "dtc"
| #define HAVE_STDIO_H 1
| #define HAVE_STDLIB_H 1
| #define HAVE_STRING_H 1
| #define HAVE_INTTYPES_H 1
| #define HAVE_STDINT_H 1
| #define HAVE_STRINGS_H 1
| #define HAVE_SYS_STAT_H 1
| #define HAVE_SYS_TYPES_H 1
| #define HAVE_UNISTD_H 1
| #define STDC_HEADERS 1
| #define HAVE_INT128 1
| #define FESVR_ENABLED /**/
| #define HAVE_LIBPTHREAD 1
| #define HAVE_STATX 1
| #define HAVE_STATX_MNT_ID 1
| #define RISCV_ENABLED /**/
| /* end confdefs.h.  */
| 
| namespace conftest {
|   extern "C" int main ();
| }
| int
| main (void)
| {
| return conftest::main ();
|   ;
|   return 0;
| }
configure:6553: result: no
configure:6606: checking for library containing dlopen
configure:6635: g++ -o conftest    -Wl,--export-dynamic conftest.cpp -lpthread  >&5
configure:6635: $? = 0
configure:6655: result: none required
configure:6671: checking for pthread_create in -lpthread
configure:6703: result: yes
configure:6766: configuring default subproject : disasm
configure:6811: configuring default subproject : customext
configure:6856: configuring default subproject : fdt
configure:6901: configuring default subproject : softfloat
configure:6946: configuring default subproject : spike_main
configure:6991: configuring default subproject : spike_dasm
configure:7144: creating ./config.status

## ---------------------- ##
## Running config.status. ##
## ---------------------- ##

This file was extended by RISC-V ISA Simulator config.status ?, which was
generated by GNU Autoconf 2.71.  Invocation command line was

  CONFIG_FILES    = 
  CONFIG_HEADERS  = 
  CONFIG_LINKS    = 
  CONFIG_COMMANDS = 
  $ ./config.status 

on codespaces-1be45d

config.status:849: creating fesvr.mk
config.status:849: creating riscv.mk
config.status:849: creating disasm.mk
config.status:849: creating customext.mk
config.status:849: creating fdt.mk
config.status:849: creating softfloat.mk
config.status:849: creating spike_main.mk
config.status:849: creating spike_dasm.mk
config.status:849: creating Makefile
config.status:849: creating riscv-fesvr.pc
config.status:849: creating riscv-disasm.pc
config.status:849: creating riscv-riscv.pc
config.status:849: creating config.h

## ---------------- ##
## Cache variables. ##
## ---------------- ##

ac_cv_build=x86_64-pc-linux-gnu
ac_cv_c_bigendian=no
ac_cv_c_compiler_gnu=yes
ac_cv_cxx_compiler_gnu=yes
ac_cv_env_CCC_set=
ac_cv_env_CCC_value=
ac_cv_env_CC_set=set
ac_cv_env_CC_value=cc
ac_cv_env_CFLAGS_set=set
ac_cv_env_CFLAGS_value=
ac_cv_env_CPPFLAGS_set=
ac_cv_env_CPPFLAGS_value=
ac_cv_env_CXXFLAGS_set=set
ac_cv_env_CXXFLAGS_value=
ac_cv_env_CXX_set=set
ac_cv_env_CXX_value=g++
ac_cv_env_LDFLAGS_set=set
ac_cv_env_LDFLAGS_value=
ac_cv_env_LIBS_set=
ac_cv_env_LIBS_value=
ac_cv_env_STOW_PREFIX_set=
ac_cv_env_STOW_PREFIX_value=
ac_cv_env_STOW_ROOT_set=
ac_cv_env_STOW_ROOT_value=
ac_cv_env_build_alias_set=
ac_cv_env_build_alias_value=
ac_cv_env_host_alias_set=
ac_cv_env_host_alias_value=
ac_cv_env_target_alias_set=
ac_cv_env_target_alias_value=
ac_cv_header_inttypes_h=yes
ac_cv_header_stdint_h=yes
ac_cv_header_stdio_h=yes
ac_cv_header_stdlib_h=yes
ac_cv_header_string_h=yes
ac_cv_header_strings_h=yes
ac_cv_header_sys_stat_h=yes
ac_cv_header_sys_types_h=yes
ac_cv_header_unistd_h=yes
ac_cv_host=x86_64-pc-linux-gnu
ac_cv_lib_boost_regex_main=no
ac_cv_lib_boost_system_main=no
ac_cv_lib_pthread_pthread_create=yes
ac_cv_member_struct_statx_stx_ino=yes
ac_cv_member_struct_statx_stx_mnt_id=yes
ac_cv_objext=o
ac_cv_path_DTC=/usr/bin/dtc
ac_cv_path_EGREP='/usr/bin/grep -E'
ac_cv_path_GREP=/usr/bin/grep
ac_cv_path_install='/usr/bin/install -c'
ac_cv_prog_ac_ct_AR=ar
ac_cv_prog_ac_ct_CC=cc
ac_cv_prog_ac_ct_RANLIB=ranlib
ac_cv_prog_cc_c11=
ac_cv_prog_cc_g=yes
ac_cv_prog_cc_stdc=
ac_cv_prog_cxx_11=no
ac_cv_prog_cxx_cxx11=
ac_cv_prog_cxx_g=yes
ac_cv_prog_cxx_stdcxx=
ac_cv_search_dlopen='none required'
ac_cv_type___int128_t=yes
ax_cv_boost_asio=no
ax_cv_boost_regex=no
ax_cv_check_cxxflags___relocatable_pch=no
ax_cv_check_ldflags___Wl___export_dynamic=yes

## ----------------- ##
## Output variables. ##
## ----------------- ##

AR='ar'
BOOST_ASIO_LIB=''
BOOST_CPPFLAGS='-I/include/boost-0'
BOOST_LDFLAGS='-L/lib64'
BOOST_REGEX_LIB=''
CC='cc'
CFLAGS=''
CPPFLAGS=''
CXX='g++'
CXXFLAGS=''
DEFS='-DHAVE_CONFIG_H'
DTC='/usr/bin/dtc'
ECHO_C=''
ECHO_N='-n'
ECHO_T=''
EGREP='/usr/bin/grep -E'
EXEEXT=''
GREP='/usr/bin/grep'
HAVE_CLANG_PCH=''
HAVE_DLOPEN='yes'
HAVE_INT128='yes'
INSTALL_DATA='${INSTALL} -m 644'
INSTALL_PROGRAM='${INSTALL}'
INSTALL_SCRIPT='${INSTALL}'
LDFLAGS=' -Wl,--export-dynamic'
LIBOBJS=''
LIBS='-lpthread -lpthread '
LTLIBOBJS=''
OBJEXT='o'
PACKAGE_BUGREPORT='Andrew Waterman'
PACKAGE_NAME='RISC-V ISA Simulator'
PACKAGE_STRING='RISC-V ISA Simulator ?'
PACKAGE_TARNAME='spike'
PACKAGE_URL=''
PACKAGE_VERSION='?'
PATH_SEPARATOR=':'
RANLIB='ranlib'
SHELL='/bin/bash'
STOW_PREFIX=''
STOW_ROOT=''
ac_ct_CC='cc'
ac_ct_CXX=''
bindir='${exec_prefix}/bin'
build='x86_64-pc-linux-gnu'
build_alias=''
build_cpu='x86_64'
build_os='linux-gnu'
build_vendor='pc'
datadir='${datarootdir}'
datarootdir='${prefix}/share'
docdir='${datarootdir}/doc/${PACKAGE_TARNAME}'
dvidir='${docdir}'
enable_stow='no'
exec_prefix='${prefix}'
host='x86_64-pc-linux-gnu'
host_alias=''
host_cpu='x86_64'
host_os='linux-gnu'
host_vendor='pc'
htmldir='${docdir}'
includedir='${prefix}/include'
infodir='${datarootdir}/info'
libdir='${exec_prefix}/lib'
libexecdir='${exec_prefix}/libexec'
localedir='${datarootdir}/locale'
localstatedir='${prefix}/var'
mandir='${datarootdir}/man'
oldincludedir='/usr/include'
pdfdir='${docdir}'
prefix='/workspaces/snax_cluster/target/snitch_cluster/work-vlt/riscv-isa-sim'
program_transform_name='s,x,x,'
psdir='${docdir}'
runstatedir='${localstatedir}/run'
sbindir='${exec_prefix}/sbin'
sharedstatedir='${prefix}/com'
subprojects=' fesvr riscv disasm customext fdt softfloat spike_main spike_dasm'
subprojects_enabled=' fesvr riscv disasm customext fdt softfloat spike_main spike_dasm'
sysconfdir='${prefix}/etc'
target_alias=''

## ----------- ##
## confdefs.h. ##
## ----------- ##

/* confdefs.h */
#define PACKAGE_NAME "RISC-V ISA Simulator"
#define PACKAGE_TARNAME "spike"
#define PACKAGE_VERSION "?"
#define PACKAGE_STRING "RISC-V ISA Simulator ?"
#define PACKAGE_BUGREPORT "Andrew Waterman"
#define PACKAGE_URL ""
#define DTC "dtc"
#define HAVE_STDIO_H 1
#define HAVE_STDLIB_H 1
#define HAVE_STRING_H 1
#define HAVE_INTTYPES_H 1
#define HAVE_STDINT_H 1
#define HAVE_STRINGS_H 1
#define HAVE_SYS_STAT_H 1
#define HAVE_SYS_TYPES_H 1
#define HAVE_UNISTD_H 1
#define STDC_HEADERS 1
#define HAVE_INT128 1
#define FESVR_ENABLED /**/
#define HAVE_LIBPTHREAD 1
#define HAVE_STATX 1
#define HAVE_STATX_MNT_ID 1
#define RISCV_ENABLED /**/
#define DEFAULT_ISA "RV64IMAFDC_zicntr_zihpm"
#define DEFAULT_PRIV "MSU"
#define TARGET_ARCH "riscv64-unknown-elf"
#define HAVE_DLOPEN /**/
#define HAVE_LIBPTHREAD 1
#define DISASM_ENABLED /**/
#define CUSTOMEXT_ENABLED /**/
#define FDT_ENABLED /**/
#define SOFTFLOAT_ENABLED /**/
#define SPIKE_MAIN_ENABLED /**/
#define SPIKE_DASM_ENABLED /**/

configure: exit 0
